Build started 21.04.2015 21:28:45.
     1>Project "C:\Users\Алексей\Desktop\Natalia\Wave-new\Wave-new-master\Wave_renew\Wave_renew.vcxproj" on node 2 (Build target(s)).
       Project file contains ToolsVersion="12.0". This toolset may be unknown or missing, in which case you may be able to resolve this by installing the appropriate version of MSBuild, or the build may have been forced to a particular ToolsVersion for policy reasons. Treating the project as if it had ToolsVersion="4.0". For more information, please see http://go.microsoft.com/fwlink/?LinkId=291333.
     1>ClCompile:
         C:\Program Files (x86)\Microsoft Visual Studio 11.0\VC\bin\CL.exe /c /AI"C:\Program Files (x86)\Reference Assemblies\Microsoft\Framework\.NETFramework\v4.5\\" /AI"C:\Program Files (x86)\Windows Kits\8.0\References\CommonConfiguration\Neutral" /AI"C:\Program Files (x86)\Reference Assemblies\Microsoft\Framework\.NETFramework\v4.5\Facades\\" /Zi /clr /nologo /W3 /WX- /Od /Oy- /D WIN32 /D _DEBUG /D _UNICODE /D UNICODE /EHa /MDd /GS /fp:precise /Zc:wchar_t /Zc:forScope /Yu"stdafx.h" /Fp"Debug\Wave_renew.pch" /Fo"Debug\\" /Fd"Debug\vc110.pdb" /TP /FU"C:\Program Files (x86)\Reference Assemblies\Microsoft\Framework\.NETFramework\v4.5\mscorlib.dll" /FU"C:\Program Files (x86)\Reference Assemblies\Microsoft\Framework\.NETFramework\v4.5\System.Data.dll" /FU"C:\Program Files (x86)\Reference Assemblies\Microsoft\Framework\.NETFramework\v4.5\System.dll" /FU"C:\Program Files (x86)\Reference Assemblies\Microsoft\Framework\.NETFramework\v4.5\System.Drawing.dll" /FU"C:\Program Files (x86)\Reference Assemblies\Microsoft\Framework\.NETFramework\v4.5\System.Windows.dll" /FU"C:\Program Files (x86)\Reference Assemblies\Microsoft\Framework\.NETFramework\v4.5\System.Windows.Forms.dll" /FU"C:\Program Files (x86)\Reference Assemblies\Microsoft\Framework\.NETFramework\v4.5\System.Xml.dll" /analyze- /errorReport:prompt /clr:nostdlib Wave_renew.cpp
         Wave_renew.cpp
     1>c:\users\алексей\desktop\natalia\wave-new\wave-new-master\wave_renew\mainForm.h(139): warning C4244: 'argument' : conversion from 'double' to 'int', possible loss of data
     1>c:\users\алексей\desktop\natalia\wave-new\wave-new-master\wave_renew\mainForm.h(141): warning C4244: 'argument' : conversion from 'double' to 'int', possible loss of data
     1>c:\users\алексей\desktop\natalia\wave-new\wave-new-master\wave_renew\mainForm.h(190): warning C4244: 'argument' : conversion from 'double' to 'int', possible loss of data
     1>c:\users\алексей\desktop\natalia\wave-new\wave-new-master\wave_renew\mainForm.h(197): warning C4244: 'argument' : conversion from 'double' to 'int', possible loss of data
     1>c:\users\алексей\desktop\natalia\wave-new\wave-new-master\wave_renew\mainForm.h(208): warning C4244: 'argument' : conversion from 'double' to 'int', possible loss of data
     1>c:\users\алексей\desktop\natalia\wave-new\wave-new-master\wave_renew\mainForm.h(213): warning C4244: 'argument' : conversion from 'double' to 'int', possible loss of data
     1>c:\users\алексей\desktop\natalia\wave-new\wave-new-master\wave_renew\mainForm.h(469): warning C4244: 'argument' : conversion from 'double' to 'float', possible loss of data
     1>c:\users\алексей\desktop\natalia\wave-new\wave-new-master\wave_renew\mainForm.h(749): warning C4244: 'argument' : conversion from 'double' to 'int', possible loss of data
     1>c:\users\алексей\desktop\natalia\wave-new\wave-new-master\wave_renew\mainForm.h(1462): warning C4947: 'System::Threading::Thread::Resume' : marked as obsolete
                 Message: 'Thread.Resume has been deprecated.  Please use other classes in System.Threading, such as Monitor, Mutex, Event, and Semaphore, to synchronize Threads or protect resources.  http://go.microsoft.com/fwlink/?linkid=14202'
     1>c:\users\алексей\desktop\natalia\wave-new\wave-new-master\wave_renew\mainForm.h(1467): warning C4947: 'System::Threading::Thread::Suspend' : marked as obsolete
                 Message: 'Thread.Suspend has been deprecated.  Please use other classes in System.Threading, such as Monitor, Mutex, Event, and Semaphore, to synchronize Threads or protect resources.  http://go.microsoft.com/fwlink/?linkid=14202'
     1>c:\users\алексей\desktop\natalia\wave-new\wave-new-master\wave_renew\mainForm.h(1499): warning C4996: '_splitpath': This function or variable may be unsafe. Consider using _splitpath_s instead. To disable deprecation, use _CRT_SECURE_NO_WARNINGS. See online help for details.
                 C:\Program Files (x86)\Microsoft Visual Studio 11.0\VC\include\stdlib.h(824) : see declaration of '_splitpath'
     1>c:\users\алексей\desktop\natalia\wave-new\wave-new-master\wave_renew\mainForm.h(1542): warning C4101: 'e' : unreferenced local variable
     1>c:\users\алексей\desktop\natalia\wave-new\wave-new-master\wave_renew\mainForm.h(1598): warning C4101: 'e' : unreferenced local variable
       Link:
         C:\Program Files (x86)\Microsoft Visual Studio 11.0\VC\bin\link.exe /ERRORREPORT:PROMPT /OUT:"C:\Users\Алексей\Desktop\Natalia\Wave-new\Wave-new-master\Debug\Wave_renew.exe" /INCREMENTAL /NOLOGO /LIBPATH:"C:\Users\Alexandr\Documents\Develop\tinyxml2\tinyxml2\bin\Win32-Debug-Dll" /ASSEMBLYRESOURCE:Debug\Wave_renew.mainForm.resources /ASSEMBLYRESOURCE:Debug\Wave_renew.ViewForm.resources /MANIFEST /MANIFESTUAC:"level='asInvoker' uiAccess='false'" /manifest:embed /DEBUG /PDB:"C:\Users\Алексей\Desktop\Natalia\Wave-new\Wave-new-master\Debug\Wave_renew.pdb" /ASSEMBLYDEBUG /SUBSYSTEM:WINDOWS /TLBID:1 /ENTRY:"main" /DYNAMICBASE /FIXED:NO /NXCOMPAT /MACHINE:X86 Debug\app.res
         Debug\AssemblyInfo.obj
         Debug\stdafx.obj
         Debug\TinyXMLReader.obj
         Debug\ViewForm.obj
         Debug\Wave_renew.obj
         Debug\XMLConfigReader.obj
         "Debug\.NETFramework,Version=v4.5.AssemblyAttributes.obj"
         Wave_renew.vcxproj -> C:\Users\Алексей\Desktop\Natalia\Wave-new\Wave-new-master\Debug\Wave_renew.exe
     1>Done Building Project "C:\Users\Алексей\Desktop\Natalia\Wave-new\Wave-new-master\Wave_renew\Wave_renew.vcxproj" (Build target(s)).

Build succeeded.

Time Elapsed 00:00:08.06
